<?xml version="1.0" encoding="UTF-8"?>
<!-- Generated by org.testng.reporters.JUnitReportReporter -->
<testsuite hostname="AGLA" failures="0" tests="1" name="testcases.TC_003" time="13.651" errors="0" timestamp="2023-09-20T14:37:37 CEST" skipped="0">
  <testcase classname="testcases.TC_003" name="testcase1" time="13.651"/>
  <system-out/>
</testsuite> <!-- testcases.TC_003 -->
