<?xml version="1.0" encoding="UTF-8"?>
<!-- Generated by org.testng.reporters.JUnitReportReporter -->
<testsuite hostname="AGLA" failures="0" tests="1" name="testcases.TC_001" time="9.489" errors="0" timestamp="2023-09-20T13:38:12 CEST" skipped="0">
  <testcase classname="testcases.TC_001" name="testcase1" time="9.489"/>
  <system-out/>
</testsuite> <!-- testcases.TC_001 -->
